<?xml version="1.0" encoding="UTF-8"?>
<coverage generated="1702227298038" clover="3.2.0">
  <project timestamp="1702227298038" name="All files">
    <metrics statements="43" coveredstatements="43" conditionals="8" coveredconditionals="8" methods="9" coveredmethods="9" elements="60" coveredelements="60" complexity="0" loc="43" ncloc="43" packages="1" files="1" classes="1"/>
    <file name="app.ts" path="C:\projects\test\app.ts">
      <metrics statements="43" coveredstatements="43" conditionals="8" coveredconditionals="8" methods="9" coveredmethods="9"/>
      <line num="5" count="1" type="stmt"/>
      <line num="6" count="7" type="stmt"/>
      <line num="8" count="20" type="stmt"/>
      <line num="9" count="7" type="cond" truecount="1" falsecount="0"/>
      <line num="10" count="7" type="stmt"/>
      <line num="13" count="7" type="stmt"/>
      <line num="16" count="1" type="stmt"/>
      <line num="17" count="19" type="stmt"/>
      <line num="20" count="1" type="stmt"/>
      <line num="21" count="13" type="stmt"/>
      <line num="22" count="13" type="stmt"/>
      <line num="25" count="10" type="stmt"/>
      <line num="26" count="3" type="stmt"/>
      <line num="27" count="3" type="stmt"/>
      <line num="28" count="3" type="stmt"/>
      <line num="29" count="3" type="stmt"/>
      <line num="31" count="3" type="stmt"/>
      <line num="32" count="2" type="stmt"/>
      <line num="34" count="2" type="cond" truecount="1" falsecount="0"/>
      <line num="35" count="2" type="stmt"/>
      <line num="36" count="2" type="stmt"/>
      <line num="40" count="3" type="cond" truecount="1" falsecount="0"/>
      <line num="41" count="2" type="stmt"/>
      <line num="42" count="6" type="cond" truecount="2" falsecount="0"/>
      <line num="43" count="3" type="stmt"/>
      <line num="45" count="3" type="cond" truecount="2" falsecount="0"/>
      <line num="46" count="2" type="stmt"/>
      <line num="48" count="2" type="stmt"/>
      <line num="49" count="4" type="stmt"/>
      <line num="50" count="4" type="stmt"/>
      <line num="53" count="2" type="stmt"/>
      <line num="54" count="2" type="stmt"/>
      <line num="56" count="1" type="stmt"/>
      <line num="61" count="2" type="stmt"/>
      <line num="64" count="3" type="stmt"/>
      <line num="67" count="1" type="stmt"/>
      <line num="68" count="2" type="stmt"/>
      <line num="70" count="2" type="cond" truecount="1" falsecount="0"/>
      <line num="71" count="1" type="stmt"/>
      <line num="72" count="1" type="stmt"/>
      <line num="74" count="1" type="stmt"/>
      <line num="77" count="1" type="stmt"/>
      <line num="79" count="1" type="stmt"/>
    </file>
  </project>
</coverage>
