{"C:\\projects\\test\\app.ts": {"path":"C:\\projects\\test\\app.ts","statementMap":{"0":{"start":{"line":5,"column":0},"end":{"line":5,"column":13}},"1":{"start":{"line":8,"column":14},"end":{"line":8,"column":27}},"2":{"start":{"line":8,"column":2},"end":{"line":8,"column":14}},"3":{"start":{"line":6,"column":10},"end":{"line":6,"column":42}},"4":{"start":{"line":9,"column":4},"end":{"line":11,"column":5}},"5":{"start":{"line":10,"column":6},"end":{"line":10,"column":49}},"6":{"start":{"line":10,"column":31},"end":{"line":10,"column":48}},"7":{"start":{"line":13,"column":4},"end":{"line":13,"column":11}},"8":{"start":{"line":16,"column":2},"end":{"line":18,"column":null}},"9":{"start":{"line":17,"column":4},"end":{"line":17,"column":43}},"10":{"start":{"line":20,"column":9},"end":{"line":23,"column":null}},"11":{"start":{"line":21,"column":18},"end":{"line":21,"column":59}},"12":{"start":{"line":22,"column":4},"end":{"line":22,"column":45}},"13":{"start":{"line":25,"column":9},"end":{"line":65,"column":null}},"14":{"start":{"line":25,"column":52},"end":{"line":25,"column":68}},"15":{"start":{"line":26,"column":23},"end":{"line":26,"column":57}},"16":{"start":{"line":27,"column":25},"end":{"line":27,"column":39}},"17":{"start":{"line":28,"column":41},"end":{"line":28,"column":43}},"18":{"start":{"line":29,"column":19},"end":{"line":29,"column":20}},"19":{"start":{"line":31,"column":4},"end":{"line":38,"column":5}},"20":{"start":{"line":31,"column":17},"end":{"line":31,"column":27}},"21":{"start":{"line":32,"column":19},"end":{"line":32,"column":38}},"22":{"start":{"line":34,"column":6},"end":{"line":37,"column":7}},"23":{"start":{"line":35,"column":8},"end":{"line":35,"column":32}},"24":{"start":{"line":36,"column":8},"end":{"line":36,"column":35}},"25":{"start":{"line":40,"column":4},"end":{"line":62,"column":5}},"26":{"start":{"line":41,"column":6},"end":{"line":59,"column":9}},"27":{"start":{"line":42,"column":8},"end":{"line":58,"column":9}},"28":{"start":{"line":43,"column":10},"end":{"line":43,"column":38}},"29":{"start":{"line":45,"column":10},"end":{"line":57,"column":11}},"30":{"start":{"line":46,"column":12},"end":{"line":46,"column":34}},"31":{"start":{"line":48,"column":12},"end":{"line":51,"column":15}},"32":{"start":{"line":49,"column":14},"end":{"line":49,"column":48}},"33":{"start":{"line":50,"column":14},"end":{"line":50,"column":25}},"34":{"start":{"line":53,"column":12},"end":{"line":53,"column":43}},"35":{"start":{"line":54,"column":12},"end":{"line":54,"column":23}},"36":{"start":{"line":56,"column":12},"end":{"line":56,"column":45}},"37":{"start":{"line":61,"column":6},"end":{"line":61,"column":39}},"38":{"start":{"line":64,"column":4},"end":{"line":64,"column":30}},"39":{"start":{"line":67,"column":9},"end":{"line":78,"column":null}},"40":{"start":{"line":68,"column":18},"end":{"line":68,"column":54}},"41":{"start":{"line":70,"column":4},"end":{"line":75,"column":5}},"42":{"start":{"line":71,"column":26},"end":{"line":71,"column":49}},"43":{"start":{"line":72,"column":6},"end":{"line":72,"column":37}},"44":{"start":{"line":74,"column":6},"end":{"line":74,"column":25}},"45":{"start":{"line":77,"column":4},"end":{"line":77,"column":16}},"46":{"start":{"line":79,"column":0},"end":{"line":79,"column":null}},"47":{"start":{"line":5,"column":13},"end":{"line":5,"column":18}}},"fnMap":{"0":{"name":"(anonymous_0)","decl":{"start":{"line":5,"column":0},"end":{"line":5,"column":13}},"loc":{"start":{"line":5,"column":0},"end":{"line":79,"column":null}}},"1":{"name":"Stack","decl":{"start":{"line":8,"column":2},"end":{"line":8,"column":14}},"loc":{"start":{"line":8,"column":2},"end":{"line":14,"column":3}}},"2":{"name":"(anonymous_2)","decl":{"start":{"line":10,"column":20},"end":{"line":10,"column":21}},"loc":{"start":{"line":10,"column":26},"end":{"line":10,"column":35}}},"3":{"name":"(anonymous_3)","decl":{"start":{"line":16,"column":2},"end":{"line":16,"column":13}},"loc":{"start":{"line":16,"column":2},"end":{"line":18,"column":3}}},"4":{"name":"(anonymous_4)","decl":{"start":{"line":20,"column":2},"end":{"line":20,"column":9}},"loc":{"start":{"line":20,"column":31},"end":{"line":23,"column":3}}},"5":{"name":"(anonymous_5)","decl":{"start":{"line":25,"column":2},"end":{"line":25,"column":9}},"loc":{"start":{"line":25,"column":50},"end":{"line":65,"column":3}}},"6":{"name":"(anonymous_6)","decl":{"start":{"line":41,"column":25},"end":{"line":41,"column":26}},"loc":{"start":{"line":41,"column":37},"end":{"line":59,"column":7}}},"7":{"name":"(anonymous_7)","decl":{"start":{"line":48,"column":29},"end":{"line":48,"column":30}},"loc":{"start":{"line":48,"column":37},"end":{"line":51,"column":13}}},"8":{"name":"(anonymous_8)","decl":{"start":{"line":67,"column":2},"end":{"line":67,"column":9}},"loc":{"start":{"line":67,"column":2},"end":{"line":78,"column":3}}}},"branchMap":{"0":{"loc":{"start":{"line":9,"column":4},"end":{"line":11,"column":5}},"type":"if","locations":[{"start":{"line":9,"column":4},"end":{"line":11,"column":5}}]},"1":{"loc":{"start":{"line":34,"column":6},"end":{"line":37,"column":7}},"type":"if","locations":[{"start":{"line":34,"column":6},"end":{"line":37,"column":7}}]},"2":{"loc":{"start":{"line":40,"column":4},"end":{"line":62,"column":5}},"type":"if","locations":[{"start":{"line":40,"column":4},"end":{"line":62,"column":5}}]},"3":{"loc":{"start":{"line":42,"column":8},"end":{"line":58,"column":9}},"type":"if","locations":[{"start":{"line":42,"column":8},"end":{"line":58,"column":9}},{"start":{"line":44,"column":15},"end":{"line":58,"column":9}}]},"4":{"loc":{"start":{"line":45,"column":10},"end":{"line":57,"column":11}},"type":"if","locations":[{"start":{"line":45,"column":10},"end":{"line":57,"column":11}},{"start":{"line":55,"column":17},"end":{"line":57,"column":11}}]},"5":{"loc":{"start":{"line":70,"column":4},"end":{"line":75,"column":5}},"type":"if","locations":[{"start":{"line":70,"column":4},"end":{"line":75,"column":5}}]}},"s":{"0":1,"1":20,"2":7,"3":7,"4":7,"5":7,"6":6,"7":7,"8":1,"9":19,"10":1,"11":13,"12":13,"13":1,"14":10,"15":3,"16":3,"17":3,"18":3,"19":3,"20":3,"21":2,"22":2,"23":2,"24":2,"25":3,"26":2,"27":6,"28":3,"29":3,"30":2,"31":2,"32":4,"33":4,"34":2,"35":2,"36":1,"37":2,"38":3,"39":1,"40":2,"41":2,"42":1,"43":1,"44":1,"45":1,"46":1,"47":1},"f":{"0":1,"1":7,"2":6,"3":19,"4":13,"5":3,"6":6,"7":4,"8":2},"b":{"0":[7],"1":[2],"2":[2],"3":[3,3],"4":[2,1],"5":[1]}}
}
