TN:
SF:app.ts
FN:5,(anonymous_0)
FN:8,Stack
FN:10,(anonymous_2)
FN:16,(anonymous_3)
FN:20,(anonymous_4)
FN:25,(anonymous_5)
FN:41,(anonymous_6)
FN:48,(anonymous_7)
FN:67,(anonymous_8)
FNF:9
FNH:9
FNDA:1,(anonymous_0)
FNDA:7,Stack
FNDA:6,(anonymous_2)
FNDA:19,(anonymous_3)
FNDA:13,(anonymous_4)
FNDA:3,(anonymous_5)
FNDA:6,(anonymous_6)
FNDA:4,(anonymous_7)
FNDA:2,(anonymous_8)
DA:5,1
DA:6,7
DA:8,20
DA:9,7
DA:10,7
DA:13,7
DA:16,1
DA:17,19
DA:20,1
DA:21,13
DA:22,13
DA:25,10
DA:26,3
DA:27,3
DA:28,3
DA:29,3
DA:31,3
DA:32,2
DA:34,2
DA:35,2
DA:36,2
DA:40,3
DA:41,2
DA:42,6
DA:43,3
DA:45,3
DA:46,2
DA:48,2
DA:49,4
DA:50,4
DA:53,2
DA:54,2
DA:56,1
DA:61,2
DA:64,3
DA:67,1
DA:68,2
DA:70,2
DA:71,1
DA:72,1
DA:74,1
DA:77,1
DA:79,1
LF:43
LH:43
BRDA:9,0,0,7
BRDA:34,1,0,2
BRDA:40,2,0,2
BRDA:42,3,0,3
BRDA:42,3,1,3
BRDA:45,4,0,2
BRDA:45,4,1,1
BRDA:70,5,0,1
BRF:8
BRH:8
end_of_record
